<?xml version="1.0" encoding="UTF-8"?>
<testsuite name="com.noom.interview.fullstack.sleep.SleepLogControllerTest" tests="3" skipped="0" failures="0" errors="0" timestamp="2025-05-28T07:27:43" hostname="pop-os" time="0.204">
  <properties/>
  <testcase name="shouldCreateSleepLog()" classname="com.noom.interview.fullstack.sleep.SleepLogControllerTest" time="0.182"/>
  <testcase name="shouldFetchLastNightSleepLog()" classname="com.noom.interview.fullstack.sleep.SleepLogControllerTest" time="0.013"/>
  <testcase name="shouldReturnNotFoundWhenNoLastNightLogExists()" classname="com.noom.interview.fullstack.sleep.SleepLogControllerTest" time="0.005"/>
  <system-out><![CDATA[09:27:41.820 [Test worker] DEBUG org.springframework.test.context.BootstrapUtils - Instantiating CacheAwareContextLoaderDelegate from class [org.springframework.test.context.cache.DefaultCacheAwareContextLoaderDelegate]
09:27:41.827 [Test worker] DEBUG org.springframework.test.context.BootstrapUtils - Instantiating BootstrapContext using constructor [public org.springframework.test.context.support.DefaultBootstrapContext(java.lang.Class,org.springframework.test.context.CacheAwareContextLoaderDelegate)]
09:27:41.854 [Test worker] DEBUG org.springframework.test.context.BootstrapUtils - Instantiating TestContextBootstrapper for test class [com.noom.interview.fullstack.sleep.SleepLogControllerTest] from class [org.springframework.boot.test.autoconfigure.web.servlet.WebMvcTestContextBootstrapper]
09:27:41.862 [Test worker] INFO org.springframework.boot.test.autoconfigure.web.servlet.WebMvcTestContextBootstrapper - Neither @ContextConfiguration nor @ContextHierarchy found for test class [com.noom.interview.fullstack.sleep.SleepLogControllerTest], using SpringBootContextLoader
09:27:41.864 [Test worker] DEBUG org.springframework.test.context.support.AbstractContextLoader - Did not detect default resource location for test class [com.noom.interview.fullstack.sleep.SleepLogControllerTest]: class path resource [com/noom/interview/fullstack/sleep/SleepLogControllerTest-context.xml] does not exist
09:27:41.865 [Test worker] DEBUG org.springframework.test.context.support.AbstractContextLoader - Did not detect default resource location for test class [com.noom.interview.fullstack.sleep.SleepLogControllerTest]: class path resource [com/noom/interview/fullstack/sleep/SleepLogControllerTestContext.groovy] does not exist
09:27:41.865 [Test worker] INFO org.springframework.test.context.support.AbstractContextLoader - Could not detect default resource locations for test class [com.noom.interview.fullstack.sleep.SleepLogControllerTest]: no resource found for suffixes {-context.xml, Context.groovy}.
09:27:41.865 [Test worker] INFO org.springframework.test.context.support.AnnotationConfigContextLoaderUtils - Could not detect default configuration classes for test class [com.noom.interview.fullstack.sleep.SleepLogControllerTest]: SleepLogControllerTest does not declare any static, non-private, non-final, nested classes annotated with @Configuration.
09:27:41.929 [Test worker] DEBUG org.springframework.test.context.support.ActiveProfilesUtils - Could not find an 'annotation declaring class' for annotation type [org.springframework.test.context.ActiveProfiles] and class [com.noom.interview.fullstack.sleep.SleepLogControllerTest]
09:27:41.970 [Test worker] DEBUG org.springframework.context.annotation.ClassPathScanningCandidateComponentProvider - Identified candidate component class: file [/home/emil/work/SleepLogger/sleep/build/classes/kotlin/main/com/noom/interview/fullstack/sleep/SleepApplication.class]
09:27:41.977 [Test worker] INFO org.springframework.boot.test.context.SpringBootTestContextBootstrapper - Found @SpringBootConfiguration com.noom.interview.fullstack.sleep.SleepApplication for test class com.noom.interview.fullstack.sleep.SleepLogControllerTest
09:27:41.980 [Test worker] DEBUG org.springframework.boot.test.autoconfigure.web.servlet.WebMvcTestContextBootstrapper - @TestExecutionListeners is not present for class [com.noom.interview.fullstack.sleep.SleepLogControllerTest]: using defaults.
09:27:41.981 [Test worker] INFO org.springframework.boot.test.autoconfigure.web.servlet.WebMvcTestContextBootstrapper - Loaded default TestExecutionListener class names from location [META-INF/spring.factories]: [org.springframework.boot.test.autoconfigure.restdocs.RestDocsTestExecutionListener, org.springframework.boot.test.autoconfigure.web.client.MockRestServiceServerResetTestExecutionListener, org.springframework.boot.test.autoconfigure.web.servlet.MockMvcPrintOnlyOnFailureTestExecutionListener, org.springframework.boot.test.autoconfigure.web.servlet.WebDriverTestExecutionListener, org.springframework.boot.test.autoconfigure.webservices.client.MockWebServiceServerTestExecutionListener, org.springframework.boot.test.mock.mockito.MockitoTestExecutionListener, org.springframework.boot.test.mock.mockito.ResetMocksTestExecutionListener, org.springframework.test.context.web.ServletTestExecutionListener, org.springframework.test.context.support.DirtiesContextBeforeModesTestExecutionListener, org.springframework.test.context.event.ApplicationEventsTestExecutionListener, org.springframework.test.context.support.DependencyInjectionTestExecutionListener, org.springframework.test.context.support.DirtiesContextTestExecutionListener, org.springframework.test.context.transaction.TransactionalTestExecutionListener, org.springframework.test.context.jdbc.SqlScriptsTestExecutionListener, org.springframework.test.context.event.EventPublishingTestExecutionListener]
09:27:41.992 [Test worker] INFO org.springframework.boot.test.autoconfigure.web.servlet.WebMvcTestContextBootstrapper - Using TestExecutionListeners: [org.springframework.test.context.web.ServletTestExecutionListener@40cb698e, org.springframework.test.context.support.DirtiesContextBeforeModesTestExecutionListener@3382f8ae, org.springframework.test.context.event.ApplicationEventsTestExecutionListener@60641ec8, org.springframework.boot.test.mock.mockito.MockitoTestExecutionListener@75f65e45, org.springframework.boot.test.autoconfigure.SpringBootDependencyInjectionTestExecutionListener@6eeade6c, org.springframework.test.context.support.DirtiesContextTestExecutionListener@4a891c97, org.springframework.test.context.transaction.TransactionalTestExecutionListener@a5bd950, org.springframework.test.context.jdbc.SqlScriptsTestExecutionListener@4d18aa28, org.springframework.test.context.event.EventPublishingTestExecutionListener@75390459, org.springframework.boot.test.autoconfigure.restdocs.RestDocsTestExecutionListener@7756c3cd, org.springframework.boot.test.autoconfigure.web.client.MockRestServiceServerResetTestExecutionListener@2313052e, org.springframework.boot.test.autoconfigure.web.servlet.MockMvcPrintOnlyOnFailureTestExecutionListener@2bd2b28e, org.springframework.boot.test.autoconfigure.web.servlet.WebDriverTestExecutionListener@16746061, org.springframework.boot.test.autoconfigure.webservices.client.MockWebServiceServerTestExecutionListener@57fd91c9, org.springframework.boot.test.mock.mockito.ResetMocksTestExecutionListener@6cfcd46d]
09:27:41.996 [Test worker] DEBUG org.springframework.test.context.support.AbstractDirtiesContextTestExecutionListener - Before test class: context [DefaultTestContext@788fcafb testClass = SleepLogControllerTest, testInstance = [null], testMethod = [null], testException = [null], mergedContextConfiguration = [WebMergedContextConfiguration@4febb875 testClass = SleepLogControllerTest, locations = '{}', classes = '{class com.noom.interview.fullstack.sleep.SleepApplication}', contextInitializerClasses = '[]', activeProfiles = '{}', propertySourceLocations = '{}', propertySourceProperties = '{org.springframework.boot.test.autoconfigure.web.servlet.WebMvcTestContextBootstrapper=true}', contextCustomizers = set[org.springframework.boot.test.autoconfigure.OverrideAutoConfigurationContextCustomizerFactory$DisableAutoConfigurationContextCustomizer@6eb2384f, org.springframework.boot.test.autoconfigure.actuate.metrics.MetricsExportContextCustomizerFactory$DisableMetricExportContextCustomizer@12f9af83, org.springframework.boot.test.autoconfigure.filter.TypeExcludeFiltersContextCustomizer@3406e434, org.springframework.boot.test.autoconfigure.properties.PropertyMappingContextCustomizer@d5d751b2, org.springframework.boot.test.autoconfigure.web.servlet.WebDriverContextCustomizerFactory$Customizer@3a12c404, [ImportsContextCustomizer@25e2a451 key = [org.springframework.boot.autoconfigure.task.TaskExecutionAutoConfiguration, org.springframework.boot.autoconfigure.cache.CacheAutoConfiguration, org.springframework.boot.autoconfigure.web.servlet.HttpEncodingAutoConfiguration, org.springframework.boot.autoconfigure.validation.ValidationAutoConfiguration, org.springframework.boot.autoconfigure.context.MessageSourceAutoConfiguration, org.springframework.boot.autoconfigure.hateoas.HypermediaAutoConfiguration, org.springframework.boot.autoconfigure.data.web.SpringDataWebAutoConfiguration, org.springframework.boot.autoconfigure.jackson.JacksonAutoConfiguration, org.springframework.boot.test.autoconfigure.web.reactive.WebTestClientAutoConfiguration, org.springframework.boot.autoconfigure.web.servlet.error.ErrorMvcAutoConfiguration, org.springframework.boot.test.autoconfigure.web.servlet.MockMvcAutoConfiguration, org.springframework.boot.autoconfigure.security.servlet.SecurityAutoConfiguration, org.springframework.boot.autoconfigure.security.servlet.SecurityFilterAutoConfiguration, org.springframework.boot.autoconfigure.http.HttpMessageConvertersAutoConfiguration, org.springframework.boot.autoconfigure.security.oauth2.client.servlet.OAuth2ClientAutoConfiguration, org.springframework.boot.test.autoconfigure.web.servlet.MockMvcSecurityConfiguration, org.springframework.boot.test.autoconfigure.web.servlet.MockMvcWebClientAutoConfiguration, org.springframework.boot.test.autoconfigure.web.servlet.MockMvcWebDriverAutoConfiguration, org.springframework.boot.autoconfigure.thymeleaf.ThymeleafAutoConfiguration, org.springframework.boot.autoconfigure.gson.GsonAutoConfiguration, org.springframework.boot.autoconfigure.jsonb.JsonbAutoConfiguration, org.springframework.boot.autoconfigure.freemarker.FreeMarkerAutoConfiguration, org.springframework.boot.autoconfigure.web.servlet.WebMvcAutoConfiguration, org.springframework.boot.autoconfigure.security.servlet.UserDetailsServiceAutoConfiguration, org.springframework.boot.autoconfigure.security.oauth2.resource.servlet.OAuth2ResourceServerAutoConfiguration, org.springframework.boot.autoconfigure.groovy.template.GroovyTemplateAutoConfiguration, org.springframework.boot.autoconfigure.mustache.MustacheAutoConfiguration]], org.springframework.boot.test.context.filter.ExcludeFilterContextCustomizer@46268f08, org.springframework.boot.test.json.DuplicateJsonObjectContextCustomizerFactory$DuplicateJsonObjectContextCustomizer@eda25e5, org.springframework.boot.test.mock.mockito.MockitoContextCustomizer@195516cc, org.springframework.boot.test.context.SpringBootTestArgs@1, org.springframework.boot.test.context.SpringBootTestWebEnvironment@0], resourceBasePath = 'src/main/webapp', contextLoader = 'org.springframework.boot.test.context.SpringBootContextLoader', parent = [null]], attributes = map[[empty]]], class annotated with @DirtiesContext [false] with mode [null].

  .   ____          _            __ _ _
 /\\ / ___'_ __ _ _(_)_ __  __ _ \ \ \ \
( ( )\___ | '_ | '_| | '_ \/ _` | \ \ \ \
 \\/  ___)| |_)| | | | | || (_| |  ) ) ) )
  '  |____| .__|_| |_|_| |_\__, | / / / /
 =========|_|==============|___/=/_/_/_/
 :: Spring Boot ::               (v2.7.17)

2025-05-28 09:27:42.290  INFO 228727 --- [    Test worker] c.n.i.f.sleep.SleepLogControllerTest     : Starting SleepLogControllerTest using Java 17.0.8.1 on pop-os with PID 228727 (started by emil in /home/emil/work/SleepLogger/sleep)
2025-05-28 09:27:42.292  INFO 228727 --- [    Test worker] c.n.i.f.sleep.SleepLogControllerTest     : No active profile set, falling back to 1 default profile: "default"
2025-05-28 09:27:43.383  INFO 228727 --- [    Test worker] o.s.b.t.m.w.SpringBootMockServletContext : Initializing Spring TestDispatcherServlet ''
2025-05-28 09:27:43.383  INFO 228727 --- [    Test worker] o.s.t.web.servlet.TestDispatcherServlet  : Initializing Servlet ''
2025-05-28 09:27:43.384  INFO 228727 --- [    Test worker] o.s.t.web.servlet.TestDispatcherServlet  : Completed initialization in 1 ms
2025-05-28 09:27:43.403  INFO 228727 --- [    Test worker] c.n.i.f.sleep.SleepLogControllerTest     : Started SleepLogControllerTest in 1.377 seconds (JVM running for 2.076)
]]></system-out>
  <system-err><![CDATA[]]></system-err>
</testsuite>
